#
# A fatal error has been detected by the Java Runtime Environment:
#
#  EXCEPTION_ACCESS_VIOLATION (0xc0000005) at pc=0x0000004000000000, pid=5204, tid=6392
#
# JRE version: Java(TM) SE Runtime Environment (8.0_25-b18) (build 1.8.0_25-b18)
# Java VM: Java HotSpot(TM) 64-Bit Server VM (25.25-b02 mixed mode windows-amd64 compressed oops)
# Problematic frame:
# C  0x0000004000000000
#
# Failed to write core dump. Minidumps are not enabled by default on client versions of Windows
#
# If you would like to submit a bug report, please visit:
#   http://bugreport.sun.com/bugreport/crash.jsp
#

---------------  T H R E A D  ---------------

Current thread (0x00000000185f6000):  JavaThread "Daemon worker" [_thread_in_Java, id=6392, stack(0x000000001a2e0000,0x000000001a3e0000)]

siginfo: ExceptionCode=0xc0000005, ExceptionInformation=0x0000000000000008 0x0000004000000000

Registers:
RAX=0x000000001d867008, RBX=0x0000000015bb4490, RCX=0x0000000000000008, RDX=0x0000000000000005
RSP=0x000000001a3dbdf8, RBP=0x000000001a3dbe88, RSI=0x0000000000000ab8, RDI=0x0000000002817540
R8 =0x0000000000000006, R9 =0x0000000000000006, R10=0x0000000000000000, R11=0x0000004000000000
R12=0x0000000000000000, R13=0x0000000015bb4490, R14=0x000000001a3dbec0, R15=0x00000000185f6000
RIP=0x0000004000000000, EFLAGS=0x0000000000010206

Top of Stack: (sp=0x000000001a3dbdf8)
0x000000001a3dbdf8:   0000000002823781 0000000000000ab8
0x000000001a3dbe08:   0000000002817540 0000000002817540
0x000000001a3dbe18:   000000000282360b 00000000185f6000
0x000000001a3dbe28:   0000000015bb4490 0000000000000ab8
0x000000001a3dbe38:   00000000185f6000 00000000028235c2
0x000000001a3dbe48:   000000001a3dbe48 0000000015bb4490
0x000000001a3dbe58:   000000001a3dbec0 0000000015bb8088
0x000000001a3dbe68:   0000000000000000 0000000015bb4490
0x000000001a3dbe78:   0000000000000000 000000001a3dbea8
0x000000001a3dbe88:   000000001a3dbf18 0000000002817540
0x000000001a3dbe98:   0000000000000000 0000000000000000
0x000000001a3dbea8:   ffffffffffffffff ffffffffffffffff
0x000000001a3dbeb8:   00000000e0f206a0 00000000e0f206c8
0x000000001a3dbec8:   0000000000000001 00000000e0f20750
0x000000001a3dbed8:   000000001a3dbec8 0000000015bb1afa
0x000000001a3dbee8:   000000001a3dbf68 0000000015bb8088 

Instructions: (pc=0x0000004000000000)
0x0000003fffffffe0:   
[error occurred during error reporting (printing registers, top of stack, instructions near pc), id 0xc0000005]

Register to memory mapping:

RAX=0x000000001d867008 is pointing into metadata
RBX={method} {0x0000000015bb4498} 'position0' '(Ljava/io/FileDescriptor;J)J' in 'sun/nio/ch/FileChannelImpl'
RCX=0x0000000000000008 is an unknown value
RDX=0x0000000000000005 is an unknown value
RSP=0x000000001a3dbdf8 is pointing into the stack for thread: 0x00000000185f6000
RBP=0x000000001a3dbe88 is pointing into the stack for thread: 0x00000000185f6000
RSI=0x0000000000000ab8 is an unknown value
RDI=0x0000000002817540 is at code_begin+832 in an Interpreter codelet
invoke return entry points  [0x0000000002817200, 0x0000000002817b00]  2304 bytes
R8 =0x0000000000000006 is an unknown value
R9 =0x0000000000000006 is an unknown value
R10=0x0000000000000000 is an unknown value
R11=0x0000004000000000 is an unknown value
R12=0x0000000000000000 is an unknown value
R13={method} {0x0000000015bb4498} 'position0' '(Ljava/io/FileDescriptor;J)J' in 'sun/nio/ch/FileChannelImpl'
R14=0x000000001a3dbec0 is pointing into the stack for thread: 0x00000000185f6000
R15=0x00000000185f6000 is a thread


Stack: [0x000000001a2e0000,0x000000001a3e0000],  sp=0x000000001a3dbdf8,  free space=1007k
Native frames: (J=compiled Java code, j=interpreted, Vv=VM code, C=native code)
C  0x0000004000000000


---------------  P R O C E S S  ---------------

Java Threads: ( => current thread )
  0x0000000018942000 JavaThread "File lock request listener" [_thread_in_native, id=5032, stack(0x000000001a900000,0x000000001aa00000)]
  0x00000000185f7000 JavaThread "Asynchronous log dispatcher for DefaultDaemonConnection: socket connection from /127.0.0.1:1177 to /127.0.0.1:1178" [_thread_blocked, id=1980, stack(0x000000001a4c0000,0x000000001a5c0000)]
=>0x00000000185f6000 JavaThread "Daemon worker" [_thread_in_Java, id=6392, stack(0x000000001a2e0000,0x000000001a3e0000)]
  0x0000000018607800 JavaThread "Cancel handler" [_thread_blocked, id=2908, stack(0x000000001a070000,0x000000001a170000)]
  0x00000000187cb000 JavaThread "Handler for socket connection from /127.0.0.1:1177 to /127.0.0.1:1178" [_thread_in_native, id=5604, stack(0x0000000019f70000,0x000000001a070000)]
  0x00000000185e8000 JavaThread "Daemon" [_thread_blocked, id=5608, stack(0x0000000019d80000,0x0000000019e80000)]
  0x000000001806c000 JavaThread "Incoming local TCP Connector on port 1177" [_thread_in_native, id=6876, stack(0x0000000019940000,0x0000000019a40000)]
  0x000000001746b800 JavaThread "pool-1-thread-1" [_thread_blocked, id=6916, stack(0x0000000019570000,0x0000000019670000)]
  0x00000000161a0000 JavaThread "Service Thread" daemon [_thread_blocked, id=6836, stack(0x0000000017930000,0x0000000017a30000)]
  0x000000001619b000 JavaThread "C1 CompilerThread1" daemon [_thread_blocked, id=840, stack(0x0000000016ee0000,0x0000000016fe0000)]
  0x0000000016195800 JavaThread "C2 CompilerThread0" daemon [_thread_blocked, id=6160, stack(0x00000000172b0000,0x00000000173b0000)]
  0x0000000016195000 JavaThread "Attach Listener" daemon [_thread_blocked, id=208, stack(0x0000000016b00000,0x0000000016c00000)]
  0x00000000161a4000 JavaThread "Signal Dispatcher" daemon [_thread_blocked, id=5380, stack(0x0000000017190000,0x0000000017290000)]
  0x000000001613c000 JavaThread "Finalizer" daemon [_thread_blocked, id=5268, stack(0x0000000017010000,0x0000000017110000)]
  0x0000000016130800 JavaThread "Reference Handler" daemon [_thread_blocked, id=1572, stack(0x0000000016de0000,0x0000000016ee0000)]
  0x000000000224f800 JavaThread "main" [_thread_blocked, id=5540, stack(0x0000000002440000,0x0000000002540000)]

Other Threads:
  0x000000001612b000 VMThread [stack: 0x0000000016c10000,0x0000000016d10000] [id=6888]
  0x00000000173d2000 WatcherThread [stack: 0x0000000017ae0000,0x0000000017be0000] [id=1436]

VM state:synchronizing (normal execution)

VM Mutex/Monitor currently owned by a thread:  ([mutex/lock_event])
[0x000000000224c9f0] Safepoint_lock - owner thread: 0x000000001612b000
[0x000000000224ca70] Threads_lock - owner thread: 0x000000001612b000

Heap:
 PSYoungGen      total 102400K, used 25882K [0x00000000e0000000, 0x00000000e7080000, 0x0000000100000000)
  eden space 94720K, 20% used [0x00000000e0000000,0x00000000e12cd0d8,0x00000000e5c80000)
  from space 7680K, 86% used [0x00000000e6900000,0x00000000e6f799f0,0x00000000e7080000)
  to   space 10240K, 0% used [0x00000000e5c80000,0x00000000e5c80000,0x00000000e6680000)
 ParOldGen       total 51712K, used 10269K [0x00000000a0000000, 0x00000000a3280000, 0x00000000e0000000)
  object space 51712K, 19% used [0x00000000a0000000,0x00000000a0a07490,0x00000000a3280000)
 Metaspace       used 32116K, capacity 32760K, committed 33024K, reserved 1077248K
  class space    used 4451K, capacity 4607K, committed 4608K, reserved 1048576K

Card table byte_map: [0x0000000011bd0000,0x0000000011ee0000] byte_map_base: 0x00000000116d0000

Marking Bits: (ParMarkBitMap*) 0x00000000702ad490
 Begin Bits: [0x0000000012500000, 0x0000000013d00000)
 End Bits:   [0x0000000013d00000, 0x0000000015500000)

Polling page: 0x0000000000150000

CodeCache: size=245760Kb used=11753Kb max_used=11768Kb free=234006Kb
 bounds [0x0000000002810000, 0x00000000033a0000, 0x0000000011810000]
 total_blobs=3811 nmethods=3123 adapters=602
 compilation: enabled

Compilation events (10 events):
Event: 102.991 Thread 0x000000001619b000 nmethod 3352 0x000000000338f290 code [0x000000000338f3e0, 0x000000000338f510]
Event: 103.251 Thread 0x0000000016195800 3353       4       com.google.common.collect.MapMakerInternalMap::rehash (49 bytes)
Event: 103.253 Thread 0x0000000016195800 nmethod 3353 0x0000000003394a90 code [0x0000000003394bc0, 0x0000000003394c58]
Event: 103.293 Thread 0x0000000016195800 3354       4       java.util.ArrayDeque::pollFirst (42 bytes)
Event: 103.298 Thread 0x0000000016195800 nmethod 3354 0x0000000003393310 code [0x0000000003393440, 0x00000000033934f8]
Event: 103.403 Thread 0x0000000016195800 3355       4       com.google.common.collect.MapMakerInternalMap::segmentFor (17 bytes)
Event: 103.406 Thread 0x0000000016195800 nmethod 3355 0x0000000003392e10 code [0x0000000003392f40, 0x0000000003392fd8]
Event: 103.428 Thread 0x0000000016195800 3356       4       java.util.ArrayDeque::poll (5 bytes)
Event: 103.433 Thread 0x0000000016195800 nmethod 3356 0x0000000003392b50 code [0x0000000003392c80, 0x0000000003392d38]
Event: 103.478 Thread 0x0000000016195800 3357   !   4       java.lang.ClassLoader::getPackage (118 bytes)

GC Heap History (10 events):
Event: 48.797 GC heap before
{Heap before GC invocations=5 (full 0):
 PSYoungGen      total 36352K, used 9188K [0x00000000e0000000, 0x00000000e2880000, 0x0000000100000000)
  eden space 31232K, 13% used [0x00000000e0000000,0x00000000e03fd108,0x00000000e1e80000)
  from space 5120K, 99% used [0x00000000e2380000,0x00000000e287c030,0x00000000e2880000)
  to   space 5120K, 0% used [0x00000000e1e80000,0x00000000e1e80000,0x00000000e2380000)
 ParOldGen       total 83456K, used 6330K [0x00000000a0000000, 0x00000000a5180000, 0x00000000e0000000)
  object space 83456K, 7% used [0x00000000a0000000,0x00000000a062e8f8,0x00000000a5180000)
 Metaspace       used 20718K, capacity 21106K, committed 21248K, reserved 1067008K
  class space    used 2848K, capacity 2976K, committed 3072K, reserved 1048576K
Event: 48.825 GC heap after
Heap after GC invocations=5 (full 0):
 PSYoungGen      total 36352K, used 5120K [0x00000000e0000000, 0x00000000e5000000, 0x0000000100000000)
  eden space 31232K, 0% used [0x00000000e0000000,0x00000000e0000000,0x00000000e1e80000)
  from space 5120K, 100% used [0x00000000e1e80000,0x00000000e2380000,0x00000000e2380000)
  to   space 9728K, 0% used [0x00000000e4680000,0x00000000e4680000,0x00000000e5000000)
 ParOldGen       total 83456K, used 7525K [0x00000000a0000000, 0x00000000a5180000, 0x00000000e0000000)
  object space 83456K, 9% used [0x00000000a0000000,0x00000000a0759760,0x00000000a5180000)
 Metaspace       used 20718K, capacity 21106K, committed 21248K, reserved 1067008K
  class space    used 2848K, capacity 2976K, committed 3072K, reserved 1048576K
}
Event: 48.825 GC heap before
{Heap before GC invocations=6 (full 1):
 PSYoungGen      total 36352K, used 5120K [0x00000000e0000000, 0x00000000e5000000, 0x0000000100000000)
  eden space 31232K, 0% used [0x00000000e0000000,0x00000000e0000000,0x00000000e1e80000)
  from space 5120K, 100% used [0x00000000e1e80000,0x00000000e2380000,0x00000000e2380000)
  to   space 9728K, 0% used [0x00000000e4680000,0x00000000e4680000,0x00000000e5000000)
 ParOldGen       total 83456K, used 7525K [0x00000000a0000000, 0x00000000a5180000, 0x00000000e0000000)
  object space 83456K, 9% used [0x00000000a0000000,0x00000000a0759760,0x00000000a5180000)
 Metaspace       used 20718K, capacity 21106K, committed 21248K, reserved 1067008K
  class space    used 2848K, capacity 2976K, committed 3072K, reserved 1048576K
Event: 49.161 GC heap after
Heap after GC invocations=6 (full 1):
 PSYoungGen      total 36352K, used 0K [0x00000000e0000000, 0x00000000e5000000, 0x0000000100000000)
  eden space 31232K, 0% used [0x00000000e0000000,0x00000000e0000000,0x00000000e1e80000)
  from space 5120K, 0% used [0x00000000e1e80000,0x00000000e1e80000,0x00000000e2380000)
  to   space 9728K, 0% used [0x00000000e4680000,0x00000000e4680000,0x00000000e5000000)
 ParOldGen       total 51712K, used 10253K [0x00000000a0000000, 0x00000000a3280000, 0x00000000e0000000)
  object space 51712K, 19% used [0x00000000a0000000,0x00000000a0a03490,0x00000000a3280000)
 Metaspace       used 20716K, capacity 21104K, committed 21248K, reserved 1067008K
  class space    used 2847K, capacity 2975K, committed 3072K, reserved 1048576K
}
Event: 54.907 GC heap before
{Heap before GC invocations=7 (full 1):
 PSYoungGen      total 36352K, used 31232K [0x00000000e0000000, 0x00000000e5000000, 0x0000000100000000)
  eden space 31232K, 100% used [0x00000000e0000000,0x00000000e1e80000,0x00000000e1e80000)
  from space 5120K, 0% used [0x00000000e1e80000,0x00000000e1e80000,0x00000000e2380000)
  to   space 9728K, 0% used [0x00000000e4680000,0x00000000e4680000,0x00000000e5000000)
 ParOldGen       total 51712K, used 10253K [0x00000000a0000000, 0x00000000a3280000, 0x00000000e0000000)
  object space 51712K, 19% used [0x00000000a0000000,0x00000000a0a03490,0x00000000a3280000)
 Metaspace       used 23425K, capacity 23858K, committed 24192K, reserved 1071104K
  class space    used 3205K, capacity 3336K, committed 3456K, reserved 1048576K
Event: 54.942 GC heap after
Heap after GC invocations=7 (full 1):
 PSYoungGen      total 59904K, used 3237K [0x00000000e0000000, 0x00000000e4a80000, 0x0000000100000000)
  eden space 55808K, 0% used [0x00000000e0000000,0x00000000e0000000,0x00000000e3680000)
  from space 4096K, 79% used [0x00000000e4680000,0x00000000e49a9768,0x00000000e4a80000)
  to   space 10240K, 0% used [0x00000000e3680000,0x00000000e3680000,0x00000000e4080000)
 ParOldGen       total 51712K, used 10261K [0x00000000a0000000, 0x00000000a3280000, 0x00000000e0000000)
  object space 51712K, 19% used [0x00000000a0000000,0x00000000a0a05490,0x00000000a3280000)
 Metaspace       used 23425K, capacity 23858K, committed 24192K, reserved 1071104K
  class space    used 3205K, capacity 3336K, committed 3456K, reserved 1048576K
}
Event: 65.636 GC heap before
{Heap before GC invocations=8 (full 1):
 PSYoungGen      total 59904K, used 59045K [0x00000000e0000000, 0x00000000e4a80000, 0x0000000100000000)
  eden space 55808K, 100% used [0x00000000e0000000,0x00000000e3680000,0x00000000e3680000)
  from space 4096K, 79% used [0x00000000e4680000,0x00000000e49a9768,0x00000000e4a80000)
  to   space 10240K, 0% used [0x00000000e3680000,0x00000000e3680000,0x00000000e4080000)
 ParOldGen       total 51712K, used 10261K [0x00000000a0000000, 0x00000000a3280000, 0x00000000e0000000)
  object space 51712K, 19% used [0x00000000a0000000,0x00000000a0a05490,0x00000000a3280000)
 Metaspace       used 27221K, capacity 27774K, committed 27904K, reserved 1073152K
  class space    used 3864K, capacity 3987K, committed 4096K, reserved 1048576K
Event: 65.707 GC heap after
Heap after GC invocations=8 (full 1):
 PSYoungGen      total 66048K, used 7840K [0x00000000e0000000, 0x00000000e7300000, 0x0000000100000000)
  eden space 55808K, 0% used [0x00000000e0000000,0x00000000e0000000,0x00000000e3680000)
  from space 10240K, 76% used [0x00000000e3680000,0x00000000e3e28068,0x00000000e4080000)
  to   space 10240K, 0% used [0x00000000e6900000,0x00000000e6900000,0x00000000e7300000)
 ParOldGen       total 51712K, used 10269K [0x00000000a0000000, 0x00000000a3280000, 0x00000000e0000000)
  object space 51712K, 19% used [0x00000000a0000000,0x00000000a0a07490,0x00000000a3280000)
 Metaspace       used 27221K, capacity 27774K, committed 27904K, reserved 1073152K
  class space    used 3864K, capacity 3987K, committed 4096K, reserved 1048576K
}
Event: 99.452 GC heap before
{Heap before GC invocations=9 (full 1):
 PSYoungGen      total 66048K, used 63648K [0x00000000e0000000, 0x00000000e7300000, 0x0000000100000000)
  eden space 55808K, 100% used [0x00000000e0000000,0x00000000e3680000,0x00000000e3680000)
  from space 10240K, 76% used [0x00000000e3680000,0x00000000e3e28068,0x00000000e4080000)
  to   space 10240K, 0% used [0x00000000e6900000,0x00000000e6900000,0x00000000e7300000)
 ParOldGen       total 51712K, used 10269K [0x00000000a0000000, 0x00000000a3280000, 0x00000000e0000000)
  object space 51712K, 19% used [0x00000000a0000000,0x00000000a0a07490,0x00000000a3280000)
 Metaspace       used 29899K, capacity 30480K, committed 30720K, reserved 1075200K
  class space    used 4158K, capacity 4312K, committed 4352K, reserved 1048576K
Event: 99.625 GC heap after
Heap after GC invocations=9 (full 1):
 PSYoungGen      total 102400K, used 6630K [0x00000000e0000000, 0x00000000e7080000, 0x0000000100000000)
  eden space 94720K, 0% used [0x00000000e0000000,0x00000000e0000000,0x00000000e5c80000)
  from space 7680K, 86% used [0x00000000e6900000,0x00000000e6f799f0,0x00000000e7080000)
  to   space 10240K, 0% used [0x00000000e5c80000,0x00000000e5c80000,0x00000000e6680000)
 ParOldGen       total 51712K, used 10269K [0x00000000a0000000, 0x00000000a3280000, 0x00000000e0000000)
  object space 51712K, 19% used [0x00000000a0000000,0x00000000a0a07490,0x00000000a3280000)
 Metaspace       used 29899K, capacity 30480K, committed 30720K, reserved 1075200K
  class space    used 4158K, capacity 4312K, committed 4352K, reserved 1048576K
}

Deoptimization events (10 events):
Event: 63.031 Thread 0x00000000185f6000 Uncommon trap: reason=class_check action=maybe_recompile pc=0x0000000002d09180 method=java.lang.reflect.Method.equals(Ljava/lang/Object;)Z @ 5
Event: 63.031 Thread 0x00000000185f6000 Uncommon trap: reason=class_check action=maybe_recompile pc=0x0000000002d09180 method=java.lang.reflect.Method.equals(Ljava/lang/Object;)Z @ 5
Event: 63.260 Thread 0x00000000185f6000 Uncommon trap: reason=unreached action=reinterpret pc=0x0000000002d14b58 method=java.net.URLClassLoader.isSealed(Ljava/lang/String;Ljava/util/jar/Manifest;)Z @ 26
Event: 68.984 Thread 0x00000000185f6000 Uncommon trap: reason=class_check action=maybe_recompile pc=0x0000000002ff54ac method=java.util.Hashtable.get(Ljava/lang/Object;)Ljava/lang/Object; @ 6
Event: 69.815 Thread 0x00000000185f6000 Uncommon trap: reason=class_check action=maybe_recompile pc=0x0000000002ff54ac method=java.util.Hashtable.get(Ljava/lang/Object;)Ljava/lang/Object; @ 6
Event: 70.088 Thread 0x00000000185f6000 Uncommon trap: reason=class_check action=maybe_recompile pc=0x0000000002ff54ac method=java.util.Hashtable.get(Ljava/lang/Object;)Ljava/lang/Object; @ 6
Event: 70.246 Thread 0x00000000185f6000 Uncommon trap: reason=class_check action=maybe_recompile pc=0x0000000002ff54ac method=java.util.Hashtable.get(Ljava/lang/Object;)Ljava/lang/Object; @ 6
Event: 72.680 Thread 0x00000000185f6000 Uncommon trap: reason=unreached action=reinterpret pc=0x00000000030f9f0c method=com.sun.org.apache.xerces.internal.dom.ParentNode.nodeListGetLength()I @ 11
Event: 72.761 Thread 0x00000000185f6000 Uncommon trap: reason=unreached action=reinterpret pc=0x00000000030fcc8c method=com.sun.org.apache.xerces.internal.dom.ParentNode.nodeListGetLength()I @ 11
Event: 73.131 Thread 0x00000000185f6000 Uncommon trap: reason=null_check action=make_not_entrant pc=0x000000000319c72c method=com.sun.org.apache.xerces.internal.utils.XMLLimitAnalyzer.isTracking(Ljava/lang/String;)Z @ 14

Internal exceptions (10 events):
Event: 103.478 Thread 0x00000000185f6000 Exception <a 'java/security/PrivilegedActionException'> (0x00000000e1212448) thrown at [D:\re\workspace\8-2-build-windows-amd64-cygwin\jdk8u25\1677\hotspot\src\share\vm\prims\jvm.cpp, line 1312]
Event: 103.480 Thread 0x00000000185f6000 Exception <a 'java/security/PrivilegedActionException'> (0x00000000e121c130) thrown at [D:\re\workspace\8-2-build-windows-amd64-cygwin\jdk8u25\1677\hotspot\src\share\vm\prims\jvm.cpp, line 1312]
Event: 103.484 Thread 0x00000000185f6000 Exception <a 'java/security/PrivilegedActionException'> (0x00000000e1227aa0) thrown at [D:\re\workspace\8-2-build-windows-amd64-cygwin\jdk8u25\1677\hotspot\src\share\vm\prims\jvm.cpp, line 1312]
Event: 103.487 Thread 0x00000000185f6000 Exception <a 'java/security/PrivilegedActionException'> (0x00000000e1232590) thrown at [D:\re\workspace\8-2-build-windows-amd64-cygwin\jdk8u25\1677\hotspot\src\share\vm\prims\jvm.cpp, line 1312]
Event: 103.490 Thread 0x00000000185f6000 Exception <a 'java/security/PrivilegedActionException'> (0x00000000e1241388) thrown at [D:\re\workspace\8-2-build-windows-amd64-cygwin\jdk8u25\1677\hotspot\src\share\vm\prims\jvm.cpp, line 1312]
Event: 103.492 Thread 0x00000000185f6000 Exception <a 'java/security/PrivilegedActionException'> (0x00000000e124d968) thrown at [D:\re\workspace\8-2-build-windows-amd64-cygwin\jdk8u25\1677\hotspot\src\share\vm\prims\jvm.cpp, line 1312]
Event: 103.494 Thread 0x00000000185f6000 Exception <a 'java/security/PrivilegedActionException'> (0x00000000e12573a8) thrown at [D:\re\workspace\8-2-build-windows-amd64-cygwin\jdk8u25\1677\hotspot\src\share\vm\prims\jvm.cpp, line 1312]
Event: 103.501 Thread 0x00000000185f6000 Exception <a 'java/security/PrivilegedActionException'> (0x00000000e1261650) thrown at [D:\re\workspace\8-2-build-windows-amd64-cygwin\jdk8u25\1677\hotspot\src\share\vm\prims\jvm.cpp, line 1312]
Event: 103.511 Thread 0x00000000185f6000 Exception <a 'java/security/PrivilegedActionException'> (0x00000000e126f680) thrown at [D:\re\workspace\8-2-build-windows-amd64-cygwin\jdk8u25\1677\hotspot\src\share\vm\prims\jvm.cpp, line 1312]
Event: 103.514 Thread 0x00000000185f6000 Exception <a 'java/security/PrivilegedActionException'> (0x00000000e1277308) thrown at [D:\re\workspace\8-2-build-windows-amd64-cygwin\jdk8u25\1677\hotspot\src\share\vm\prims\jvm.cpp, line 1312]

Events (10 events):
Event: 103.492 loading class com/google/gson/internal/bind/ReflectiveTypeAdapterFactory$BoundField
Event: 103.492 loading class com/google/gson/internal/bind/ReflectiveTypeAdapterFactory$BoundField done
Event: 103.494 loading class com/google/gson/internal/bind/ReflectiveTypeAdapterFactory$1
Event: 103.494 loading class com/google/gson/internal/bind/ReflectiveTypeAdapterFactory$1 done
Event: 103.500 loading class com/google/gson/internal/bind/ReflectiveTypeAdapterFactory$Adapter
Event: 103.500 loading class com/google/gson/internal/bind/ReflectiveTypeAdapterFactory$Adapter done
Event: 103.511 loading class com/google/gson/internal/JsonReaderInternalAccess
Event: 103.511 loading class com/google/gson/internal/JsonReaderInternalAccess done
Event: 103.513 loading class com/google/gson/stream/JsonReader$1
Event: 103.513 loading class com/google/gson/stream/JsonReader$1 done


Dynamic libraries:
0x000000013ff80000 - 0x000000013ffb4000 	C:\Program Files\Java\jdk1.8.0_25\bin\java.exe
0x0000000077980000 - 0x0000000077b2a000 	C:\Windows\SYSTEM32\ntdll.dll
0x000007fef06e0000 - 0x000007fef0714000 	C:\Program Files\AVAST Software\Avast\x64\aswhooka.dll
0x0000000077860000 - 0x000000007797f000 	C:\Windows\system32\kernel32.dll
0x000007fefd960000 - 0x000007fefd9ca000 	C:\Windows\system32\KERNELBASE.dll
0x000007fefdf00000 - 0x000007fefdfdb000 	C:\Windows\system32\ADVAPI32.dll
0x000007feff080000 - 0x000007feff11f000 	C:\Windows\system32\msvcrt.dll
0x000007feffb80000 - 0x000007feffb9f000 	C:\Windows\SYSTEM32\sechost.dll
0x000007fefed70000 - 0x000007fefee9d000 	C:\Windows\system32\RPCRT4.dll
0x0000000077760000 - 0x000000007785a000 	C:\Windows\system32\USER32.dll
0x000007feffb10000 - 0x000007feffb77000 	C:\Windows\system32\GDI32.dll
0x000007feff120000 - 0x000007feff12e000 	C:\Windows\system32\LPK.dll
0x000007feff240000 - 0x000007feff30b000 	C:\Windows\system32\USP10.dll
0x000007fefc210000 - 0x000007fefc404000 	C:\Windows\WinSxS\amd64_microsoft.windows.common-controls_6595b64144ccf1df_6.0.7601.18837_none_fa3b1e3d17594757\COMCTL32.dll
0x000007feff8f0000 - 0x000007feff961000 	C:\Windows\system32\SHLWAPI.dll
0x000007feff310000 - 0x000007feff33e000 	C:\Windows\system32\IMM32.DLL
0x000007feff130000 - 0x000007feff239000 	C:\Windows\system32\MSCTF.dll
0x0000000077db0000 - 0x0000000077e82000 	C:\Program Files\Java\jdk1.8.0_25\jre\bin\msvcr100.dll
0x000000006fad0000 - 0x000000007032a000 	C:\Program Files\Java\jdk1.8.0_25\jre\bin\server\jvm.dll
0x000007fef5a30000 - 0x000007fef5a39000 	C:\Windows\system32\WSOCK32.dll
0x000007feffba0000 - 0x000007feffbed000 	C:\Windows\system32\WS2_32.dll
0x000007fefdbc0000 - 0x000007fefdbc8000 	C:\Windows\system32\NSI.dll
0x000007fefab90000 - 0x000007fefabcb000 	C:\Windows\system32\WINMM.dll
0x0000000077b50000 - 0x0000000077b57000 	C:\Windows\system32\PSAPI.DLL
0x000000006ea00000 - 0x000000006ea0f000 	C:\Program Files\Java\jdk1.8.0_25\jre\bin\verify.dll
0x00000000522a0000 - 0x00000000522c8000 	C:\Program Files\Java\jdk1.8.0_25\jre\bin\java.dll
0x0000000054d80000 - 0x0000000054d96000 	C:\Program Files\Java\jdk1.8.0_25\jre\bin\zip.dll
0x000007fefdfe0000 - 0x000007fefed6a000 	C:\Windows\system32\SHELL32.dll
0x000007feff3a0000 - 0x000007feff59c000 	C:\Windows\system32\ole32.dll
0x000007fefd680000 - 0x000007fefd68f000 	C:\Windows\system32\profapi.dll
0x0000000052310000 - 0x000000005232a000 	C:\Program Files\Java\jdk1.8.0_25\jre\bin\net.dll
0x000007fefce40000 - 0x000007fefce95000 	C:\Windows\system32\mswsock.dll
0x000007fefce30000 - 0x000007fefce37000 	C:\Windows\System32\wship6.dll
0x0000000050860000 - 0x0000000050871000 	C:\Program Files\Java\jdk1.8.0_25\jre\bin\nio.dll
0x000007fefb5d0000 - 0x000007fefb5ee000 	C:\Users\Vicinth\.gradle\native\23\windows-amd64\native-platform.dll
0x000007fefcea0000 - 0x000007fefceb8000 	C:\Windows\system32\CRYPTSP.dll
0x000007fefcba0000 - 0x000007fefcbe7000 	C:\Windows\system32\rsaenh.dll
0x000007fefd9d0000 - 0x000007fefd9ee000 	C:\Windows\system32\USERENV.dll
0x000007fefd510000 - 0x000007fefd51f000 	C:\Windows\system32\CRYPTBASE.dll
0x000007fefaa90000 - 0x000007fefaab7000 	C:\Windows\system32\IPHLPAPI.DLL
0x000007fefaa80000 - 0x000007fefaa8b000 	C:\Windows\system32\WINNSI.DLL
0x000007fefa760000 - 0x000007fefa778000 	C:\Windows\system32\dhcpcsvc.DLL
0x000007fefa740000 - 0x000007fefa751000 	C:\Windows\system32\dhcpcsvc6.DLL
0x000000006ea10000 - 0x000000006ea1d000 	C:\Program Files\Java\jdk1.8.0_25\jre\bin\management.dll
0x000007fefd4b0000 - 0x000007fefd507000 	C:\Windows\system32\apphelp.dll
0x000007fef6180000 - 0x000007fef62a5000 	C:\Windows\system32\dbghelp.dll

VM Arguments:
jvm_args: -Xmx1536m -Dfile.encoding=windows-1252 -Duser.country=FR -Duser.language=fr -Duser.variant 
java_command: org.gradle.launcher.daemon.bootstrap.GradleDaemon 3.3
java_class_path (initial): C:\Users\Vicinth\.gradle\wrapper\dists\gradle-3.3-all\55gk2rcmfc6p2dg9u9ohc3hw9\gradle-3.3\lib\gradle-launcher-3.3.jar
Launcher Type: SUN_STANDARD

Environment Variables:
PATH=C:\oraclexe\app\oracle\product\11.2.0\server\bin;C:\Program Files (x86)\EasyPHP-DevServer-14.1VC11\binaries\php\php_runningversion;C:\ProgramData\Oracle\Java\javapath;C:\Program Files\Common Files\Microsoft Shared\Windows Live;C:\Program Files (x86)\Common Files\Microsoft Shared\Windows Live;C:\Windows\system32;C:\Windows;C:\Windows\System32\Wbem;C:\Windows\System32\WindowsPowerShell\v1.0\;C:\Program Files (x86)\Windows Live\Shared;D:\mysql\MySQL Utilities 1.3.6\;c:\Program Files (x86)\Microsoft SQL Server\90\Tools\binn\;C:\Java\jdk1.7.0_25\bin;C:\Program Files (x86)\Microsoft ASP.NET\ASP.NET Web Pages\v1.0\;C:\Program Files\Microsoft SQL Server\110\Tools\Binn\;C:\Program Files\Java\jdk18\bin;C:\Program Files (x86)\Java\jdk1.7.0_07\bin;C:\Program Files\Java\jdk1.8.0_45\bin;C:\Program Files\Microsoft SQL Server\120\Tools\Binn\;C:\Program Files\Microsoft SQL Server\130\Tools\Binn\;C:\Program Files\nodejs\;C:\Windows\system32\config\systemprofile\.dnx\bin;C:\Program Files\Microsoft DNX\Dnvm\;C:\Program Files (x86)\Windows Kits\8.1\Windows Performance Toolkit\;C:\Program Files (x86)\nodejs\;C:\OpenSSL\bin\;C:\PKI\;C:\Program Files\Microsoft\Web Platform Installer\;C:\Program Files (x86)\Microsoft SQL Server\120\DTS\Binn\;C:\Program Files (x86)\Microsoft SQL Server\Client SDK\ODBC\110\Tools\Binn\;C:\Program Files (x86)\Microsoft SQL Server\120\Tools\Binn\;C:\Program Files (x86)\Microsoft SQL Server\120\Tools\Binn\ManagementStudio\;C:\Program Files (x86)\Microsoft SQL Server\110\DTS\Binn\;C:\Program Files (x86)\Microsoft SQL Server\130\DTS\Binn\;C:\Program Files\Git\cmd;C:\Users\Vicinth\AppData\Roaming\npm;C:\Program Files (x86)\Microsoft VS Code\bin
USERNAME=Vicinth
OS=Windows_NT
PROCESSOR_IDENTIFIER=AMD64 Family 20 Model 2 Stepping 0, AuthenticAMD



---------------  S Y S T E M  ---------------

OS: Windows 7 , 64 bit Build 7601 Service Pack 1

CPU:total 2 (2 cores per cpu, 1 threads per core) family 20 model 2 stepping 0, cmov, cx8, fxsr, mmx, sse, sse2, sse3, ssse3, popcnt, mmxext, lzcnt, sse4a, tsc, tscinvbit, tscinv

Memory: 4k page, physical 7956756k(4589320k free), swap 15911652k(12067296k free)

vm_info: Java HotSpot(TM) 64-Bit Server VM (25.25-b02) for windows-amd64 JRE (1.8.0_25-b18), built on Oct  7 2014 14:25:37 by "java_re" with MS VC++ 10.0 (VS2010)

time: Wed Jan 03 13:21:26 2018
elapsed time: 104 seconds (0d 0h 1m 44s)

